  MineSweeper.cpp
C:\Users\danie\source\repos\Projects\MineSweeper\MineSweeper.cpp(112,35): warning C4018: '<': signed/unsigned mismatch
C:\Users\danie\source\repos\Projects\MineSweeper\MineSweeper.cpp(166,36): warning C4018: '<': signed/unsigned mismatch
C:\Users\danie\source\repos\Projects\MineSweeper\MineSweeper.cpp(168,56): warning C4244: 'argument': conversion from 'int' to 'T', possible loss of data
          with
          [
              T=float
          ]
C:\Users\danie\source\repos\Projects\MineSweeper\MineSweeper.cpp(173,36): warning C4018: '<': signed/unsigned mismatch
C:\Users\danie\source\repos\Projects\MineSweeper\MineSweeper.cpp(174,54): warning C4244: 'argument': conversion from 'int' to 'T', possible loss of data
          with
          [
              T=float
          ]
C:\Users\danie\source\repos\Projects\MineSweeper\MineSweeper.cpp(282,70): warning C4244: 'argument': conversion from 'int' to 'T', possible loss of data
          with
          [
              T=float
          ]
C:\Users\danie\source\repos\Projects\MineSweeper\MineSweeper.cpp(282,60): warning C4244: 'argument': conversion from 'int' to 'T', possible loss of data
          with
          [
              T=float
          ]
C:\Users\danie\source\repos\Projects\MineSweeper\MineSweeper.cpp(287,70): warning C4244: 'argument': conversion from 'int' to 'T', possible loss of data
          with
          [
              T=float
          ]
C:\Users\danie\source\repos\Projects\MineSweeper\MineSweeper.cpp(287,60): warning C4244: 'argument': conversion from 'int' to 'T', possible loss of data
          with
          [
              T=float
          ]
C:\Users\danie\source\repos\Projects\MineSweeper\MineSweeper.cpp(292,70): warning C4244: 'argument': conversion from 'int' to 'T', possible loss of data
          with
          [
              T=float
          ]
C:\Users\danie\source\repos\Projects\MineSweeper\MineSweeper.cpp(292,60): warning C4244: 'argument': conversion from 'int' to 'T', possible loss of data
          with
          [
              T=float
          ]
C:\Users\danie\source\repos\Projects\MineSweeper\MineSweeper.cpp(297,70): warning C4244: 'argument': conversion from 'int' to 'T', possible loss of data
          with
          [
              T=float
          ]
C:\Users\danie\source\repos\Projects\MineSweeper\MineSweeper.cpp(297,60): warning C4244: 'argument': conversion from 'int' to 'T', possible loss of data
          with
          [
              T=float
          ]
C:\Users\danie\source\repos\Projects\MineSweeper\MineSweeper.cpp(302,70): warning C4244: 'argument': conversion from 'int' to 'T', possible loss of data
          with
          [
              T=float
          ]
C:\Users\danie\source\repos\Projects\MineSweeper\MineSweeper.cpp(302,60): warning C4244: 'argument': conversion from 'int' to 'T', possible loss of data
          with
          [
              T=float
          ]
C:\Users\danie\source\repos\Projects\MineSweeper\MineSweeper.cpp(307,70): warning C4244: 'argument': conversion from 'int' to 'T', possible loss of data
          with
          [
              T=float
          ]
C:\Users\danie\source\repos\Projects\MineSweeper\MineSweeper.cpp(307,60): warning C4244: 'argument': conversion from 'int' to 'T', possible loss of data
          with
          [
              T=float
          ]
C:\Users\danie\source\repos\Projects\MineSweeper\MineSweeper.cpp(312,70): warning C4244: 'argument': conversion from 'int' to 'T', possible loss of data
          with
          [
              T=float
          ]
C:\Users\danie\source\repos\Projects\MineSweeper\MineSweeper.cpp(312,60): warning C4244: 'argument': conversion from 'int' to 'T', possible loss of data
          with
          [
              T=float
          ]
C:\Users\danie\source\repos\Projects\MineSweeper\MineSweeper.cpp(317,70): warning C4244: 'argument': conversion from 'int' to 'T', possible loss of data
          with
          [
              T=float
          ]
C:\Users\danie\source\repos\Projects\MineSweeper\MineSweeper.cpp(317,60): warning C4244: 'argument': conversion from 'int' to 'T', possible loss of data
          with
          [
              T=float
          ]
C:\Users\danie\source\repos\Projects\MineSweeper\MineSweeper.cpp(357,31): warning C4018: '<': signed/unsigned mismatch
C:\Users\danie\source\repos\Projects\MineSweeper\MineSweeper.cpp(379,68): warning C4244: 'argument': conversion from 'int' to 'T', possible loss of data
          with
          [
              T=float
          ]
C:\Users\danie\source\repos\Projects\MineSweeper\MineSweeper.cpp(379,58): warning C4244: 'argument': conversion from 'int' to 'T', possible loss of data
          with
          [
              T=float
          ]
C:\Users\danie\source\repos\Projects\MineSweeper\MineSweeper.cpp(390,27): warning C4018: '<': signed/unsigned mismatch
C:\Users\danie\source\repos\Projects\MineSweeper\MineSweeper.cpp(391,54): warning C4244: 'argument': conversion from 'int' to 'T', possible loss of data
          with
          [
              T=float
          ]
C:\Users\danie\source\repos\Projects\MineSweeper\MineSweeper.cpp(400,72): warning C4244: 'argument': conversion from 'int' to 'T', possible loss of data
          with
          [
              T=float
          ]
C:\Users\danie\source\repos\Projects\MineSweeper\MineSweeper.cpp(400,62): warning C4244: 'argument': conversion from 'int' to 'T', possible loss of data
          with
          [
              T=float
          ]
C:\Users\danie\source\repos\Projects\MineSweeper\MineSweeper.cpp(467,32): warning C4018: '<': signed/unsigned mismatch
C:\Users\danie\source\repos\Projects\MineSweeper\MineSweeper.cpp(500,46): warning C4244: 'argument': conversion from 'int' to 'float', possible loss of data
C:\Users\danie\source\repos\Projects\MineSweeper\MineSweeper.cpp(501,47): warning C4244: 'argument': conversion from 'int' to 'float', possible loss of data
C:\Users\danie\source\repos\Projects\MineSweeper\MineSweeper.cpp(502,47): warning C4244: 'argument': conversion from 'int' to 'float', possible loss of data
C:\Users\danie\source\repos\Projects\MineSweeper\MineSweeper.cpp(522,74): warning C4244: 'argument': conversion from 'int' to 'T', possible loss of data
          with
          [
              T=float
          ]
C:\Users\danie\source\repos\Projects\MineSweeper\MineSweeper.cpp(522,61): warning C4244: 'argument': conversion from 'int' to 'T', possible loss of data
          with
          [
              T=float
          ]
C:\Users\danie\source\repos\Projects\MineSweeper\MineSweeper.cpp(523,48): warning C4244: 'argument': conversion from 'int' to 'T', possible loss of data
          with
          [
              T=float
          ]
C:\Users\danie\source\repos\Projects\MineSweeper\MineSweeper.cpp(524,47): warning C4244: 'argument': conversion from 'int' to 'T', possible loss of data
          with
          [
              T=float
          ]
C:\Users\danie\source\repos\Projects\MineSweeper\MineSweeper.cpp(525,69): warning C4244: 'argument': conversion from 'int' to 'T', possible loss of data
          with
          [
              T=float
          ]
C:\Users\danie\source\repos\Projects\MineSweeper\MineSweeper.cpp(525,55): warning C4244: 'argument': conversion from 'int' to 'T', possible loss of data
          with
          [
              T=float
          ]
C:\Users\danie\source\repos\Projects\MineSweeper\MineSweeper.cpp(526,69): warning C4244: 'argument': conversion from 'int' to 'T', possible loss of data
          with
          [
              T=float
          ]
C:\Users\danie\source\repos\Projects\MineSweeper\MineSweeper.cpp(526,55): warning C4244: 'argument': conversion from 'int' to 'T', possible loss of data
          with
          [
              T=float
          ]
C:\Users\danie\source\repos\Projects\MineSweeper\MineSweeper.cpp(527,69): warning C4244: 'argument': conversion from 'int' to 'T', possible loss of data
          with
          [
              T=float
          ]
C:\Users\danie\source\repos\Projects\MineSweeper\MineSweeper.cpp(527,55): warning C4244: 'argument': conversion from 'int' to 'T', possible loss of data
          with
          [
              T=float
          ]
C:\Users\danie\source\repos\Projects\MineSweeper\MineSweeper.cpp(528,68): warning C4244: 'argument': conversion from 'int' to 'T', possible loss of data
          with
          [
              T=float
          ]
C:\Users\danie\source\repos\Projects\MineSweeper\MineSweeper.cpp(528,55): warning C4244: 'argument': conversion from 'int' to 'T', possible loss of data
          with
          [
              T=float
          ]
C:\Users\danie\source\repos\Projects\MineSweeper\MineSweeper.cpp(557,27): warning C4018: '<': signed/unsigned mismatch
C:\Users\danie\source\repos\Projects\MineSweeper\MineSweeper.cpp(631,76): warning C4244: 'argument': conversion from 'int' to 'T', possible loss of data
          with
          [
              T=float
          ]
C:\Users\danie\source\repos\Projects\MineSweeper\MineSweeper.cpp(632,75): warning C4244: 'argument': conversion from 'int' to 'T', possible loss of data
          with
          [
              T=float
          ]
C:\Users\danie\source\repos\Projects\MineSweeper\MineSweeper.cpp(655,105): warning C4244: 'argument': conversion from 'int' to 'T', possible loss of data
          with
          [
              T=float
          ]
C:\Users\danie\source\repos\Projects\MineSweeper\MineSweeper.cpp(655,92): warning C4244: 'argument': conversion from 'int' to 'T', possible loss of data
          with
          [
              T=float
          ]
  Generating code
  1 of 470 functions ( 0.2%) were compiled, the rest were copied from previous compilation.
    0 functions were new in current compilation
    6 functions had inline decision re-evaluated but remain unchanged
  Finished generating code
  MineSweeper.vcxproj -> C:\Users\danie\source\repos\Projects\Release\MineSweeper.exe
